

Started GET "/" for ::1 at 2016-08-15 12:58:39 -0700

ActiveRecord::PendingMigrationError (

Migrations are pending. To resolve this issue, run:

	bin/rake db:migrate RAILS_ENV=development

):
  activerecord (4.2.2) lib/active_record/migration.rb:393:in `check_pending!'
  activerecord (4.2.2) lib/active_record/migration.rb:374:in `call'
  actionpack (4.2.2) lib/action_dispatch/middleware/callbacks.rb:29:in `block in call'
  activesupport (4.2.2) lib/active_support/callbacks.rb:88:in `_run_callbacks'
  activesupport (4.2.2) lib/active_support/callbacks.rb:776:in `_run_call_callbacks'
  activesupport (4.2.2) lib/active_support/callbacks.rb:81:in `run_callbacks'
  actionpack (4.2.2) lib/action_dispatch/middleware/callbacks.rb:27:in `call'
  actionpack (4.2.2) lib/action_dispatch/middleware/reloader.rb:73:in `call'
  actionpack (4.2.2) lib/action_dispatch/middleware/remote_ip.rb:78:in `call'
  web-console (2.0.0.beta3) lib/action_dispatch/debug_exceptions.rb:18:in `middleware_call'
  web-console (2.0.0.beta3) lib/action_dispatch/debug_exceptions.rb:13:in `call'
  actionpack (4.2.2) lib/action_dispatch/middleware/show_exceptions.rb:30:in `call'
  railties (4.2.2) lib/rails/rack/logger.rb:38:in `call_app'
  railties (4.2.2) lib/rails/rack/logger.rb:20:in `block in call'
  activesupport (4.2.2) lib/active_support/tagged_logging.rb:68:in `block in tagged'
  activesupport (4.2.2) lib/active_support/tagged_logging.rb:26:in `tagged'
  activesupport (4.2.2) lib/active_support/tagged_logging.rb:68:in `tagged'
  railties (4.2.2) lib/rails/rack/logger.rb:20:in `call'
  actionpack (4.2.2) lib/action_dispatch/middleware/request_id.rb:21:in `call'
  rack (1.6.4) lib/rack/methodoverride.rb:22:in `call'
  rack (1.6.4) lib/rack/runtime.rb:18:in `call'
  activesupport (4.2.2) lib/active_support/cache/strategy/local_cache_middleware.rb:28:in `call'
  rack (1.6.4) lib/rack/lock.rb:17:in `call'
  actionpack (4.2.2) lib/action_dispatch/middleware/static.rb:113:in `call'
  rack (1.6.4) lib/rack/sendfile.rb:113:in `call'
  railties (4.2.2) lib/rails/engine.rb:518:in `call'
  railties (4.2.2) lib/rails/application.rb:164:in `call'
  rack (1.6.4) lib/rack/content_length.rb:15:in `call'
  puma (3.1.0) lib/puma/configuration.rb:227:in `call'
  puma (3.1.0) lib/puma/server.rb:561:in `handle_request'
  puma (3.1.0) lib/puma/server.rb:406:in `process_client'
  puma (3.1.0) lib/puma/server.rb:271:in `block in run'
  puma (3.1.0) lib/puma/thread_pool.rb:111:in `block in spawn_thread'


  Rendered /Users/matthewskes/.rvm/gems/ruby-2.3.0/gems/web-console-2.0.0.beta3/lib/action_dispatch/templates/rescues/_source.erb (2.2ms)
  Rendered /Users/matthewskes/.rvm/gems/ruby-2.3.0/gems/web-console-2.0.0.beta3/lib/action_dispatch/templates/rescues/_trace.html.erb (1.1ms)
  Rendered /Users/matthewskes/.rvm/gems/ruby-2.3.0/gems/web-console-2.0.0.beta3/lib/action_dispatch/templates/rescues/_request_and_response.html.erb (0.8ms)
  Rendered /Users/matthewskes/.rvm/gems/ruby-2.3.0/gems/web-console-2.0.0.beta3/lib/action_dispatch/templates/rescues/_web_console.html.erb (0.6ms)
  Rendered /Users/matthewskes/.rvm/gems/ruby-2.3.0/gems/web-console-2.0.0.beta3/lib/action_dispatch/templates/rescues/diagnostics.html.erb within rescues/layout (57.6ms)
  [1m[36m (4.5ms)[0m  [1mCREATE TABLE "schema_migrations" ("version" varchar NOT NULL) [0m
  [1m[35m (0.4ms)[0m  select sqlite_version(*)
  [1m[36m (1.0ms)[0m  [1mCREATE UNIQUE INDEX "unique_schema_migrations" ON "schema_migrations" ("version")[0m
  [1m[35mActiveRecord::SchemaMigration Load (0.1ms)[0m  SELECT "schema_migrations".* FROM "schema_migrations"
Migrating to CreateUsers (20141014183645)
  [1m[36m (0.1ms)[0m  [1mbegin transaction[0m
  [1m[35m (0.3ms)[0m  CREATE TABLE "users" ("id" INTEGER PRIMARY KEY AUTOINCREMENT NOT NULL, "name" varchar, "email" varchar, "created_at" datetime NOT NULL, "updated_at" datetime NOT NULL) 
  [1m[36mSQL (0.1ms)[0m  [1mINSERT INTO "schema_migrations" ("version") VALUES (?)[0m  [["version", "20141014183645"]]
  [1m[35m (0.8ms)[0m  commit transaction
Migrating to AddIndexToUsersEmail (20141014205756)
  [1m[36m (0.1ms)[0m  [1mbegin transaction[0m
  [1m[35m (0.2ms)[0m  CREATE UNIQUE INDEX "index_users_on_email" ON "users" ("email")
  [1m[36mSQL (0.1ms)[0m  [1mINSERT INTO "schema_migrations" ("version") VALUES (?)[0m  [["version", "20141014205756"]]
  [1m[35m (0.5ms)[0m  commit transaction
Migrating to AddPasswordDigestToUsers (20141014234032)
  [1m[36m (0.1ms)[0m  [1mbegin transaction[0m
  [1m[35m (0.3ms)[0m  ALTER TABLE "users" ADD "password_digest" varchar
  [1m[36mSQL (0.1ms)[0m  [1mINSERT INTO "schema_migrations" ("version") VALUES (?)[0m  [["version", "20141014234032"]]
  [1m[35m (0.4ms)[0m  commit transaction
Migrating to AddRememberDigestToUsers (20141030174712)
  [1m[36m (0.0ms)[0m  [1mbegin transaction[0m
  [1m[35m (0.3ms)[0m  ALTER TABLE "users" ADD "remember_digest" varchar
  [1m[36mSQL (0.1ms)[0m  [1mINSERT INTO "schema_migrations" ("version") VALUES (?)[0m  [["version", "20141030174712"]]
  [1m[35m (0.5ms)[0m  commit transaction
Migrating to AddAdminToUsers (20141104004736)
  [1m[36m (0.0ms)[0m  [1mbegin transaction[0m
  [1m[35m (0.3ms)[0m  ALTER TABLE "users" ADD "admin" boolean DEFAULT 'f'
  [1m[36mSQL (0.1ms)[0m  [1mINSERT INTO "schema_migrations" ("version") VALUES (?)[0m  [["version", "20141104004736"]]
  [1m[35m (0.4ms)[0m  commit transaction
Migrating to AddActivationToUsers (20141106193737)
  [1m[36m (0.0ms)[0m  [1mbegin transaction[0m
  [1m[35m (0.3ms)[0m  ALTER TABLE "users" ADD "activation_digest" varchar
  [1m[36m (0.2ms)[0m  [1mALTER TABLE "users" ADD "activated" boolean DEFAULT 'f'[0m
  [1m[35m (0.1ms)[0m  ALTER TABLE "users" ADD "activated_at" datetime
  [1m[36mSQL (0.1ms)[0m  [1mINSERT INTO "schema_migrations" ("version") VALUES (?)[0m  [["version", "20141106193737"]]
  [1m[35m (0.4ms)[0m  commit transaction
Migrating to AddResetToUsers (20141107180258)
  [1m[36m (0.0ms)[0m  [1mbegin transaction[0m
  [1m[35m (0.2ms)[0m  ALTER TABLE "users" ADD "reset_digest" varchar
  [1m[36m (0.1ms)[0m  [1mALTER TABLE "users" ADD "reset_sent_at" datetime[0m
  [1m[35mSQL (0.1ms)[0m  INSERT INTO "schema_migrations" ("version") VALUES (?)  [["version", "20141107180258"]]
  [1m[36m (0.5ms)[0m  [1mcommit transaction[0m
Migrating to CreateMicroposts (20141110194807)
  [1m[35m (0.1ms)[0m  begin transaction
  [1m[36m (0.5ms)[0m  [1mCREATE TABLE "microposts" ("id" INTEGER PRIMARY KEY AUTOINCREMENT NOT NULL, "content" text, "user_id" integer, "created_at" datetime NOT NULL, "updated_at" datetime NOT NULL) [0m
  [1m[35m (0.1ms)[0m  CREATE  INDEX "index_microposts_on_user_id" ON "microposts" ("user_id")
  [1m[36m (0.2ms)[0m  [1m            SELECT sql
            FROM sqlite_master
            WHERE name='index_microposts_on_user_id' AND type='index'
            UNION ALL
            SELECT sql
            FROM sqlite_temp_master
            WHERE name='index_microposts_on_user_id' AND type='index'
[0m
  [1m[35m (0.1ms)[0m  CREATE  INDEX "index_microposts_on_user_id_and_created_at" ON "microposts" ("user_id", "created_at")
  [1m[36mSQL (0.1ms)[0m  [1mINSERT INTO "schema_migrations" ("version") VALUES (?)[0m  [["version", "20141110194807"]]
  [1m[35m (0.5ms)[0m  commit transaction
Migrating to AddPictureToMicroposts (20141111014949)
  [1m[36m (0.0ms)[0m  [1mbegin transaction[0m
  [1m[35m (0.3ms)[0m  ALTER TABLE "microposts" ADD "picture" varchar
  [1m[36mSQL (0.1ms)[0m  [1mINSERT INTO "schema_migrations" ("version") VALUES (?)[0m  [["version", "20141111014949"]]
  [1m[35m (0.4ms)[0m  commit transaction
Migrating to CreateRelationships (20141111214811)
  [1m[36m (0.0ms)[0m  [1mbegin transaction[0m
  [1m[35m (0.2ms)[0m  CREATE TABLE "relationships" ("id" INTEGER PRIMARY KEY AUTOINCREMENT NOT NULL, "follower_id" integer, "followed_id" integer, "created_at" datetime NOT NULL, "updated_at" datetime NOT NULL) 
  [1m[36m (0.1ms)[0m  [1mCREATE  INDEX "index_relationships_on_follower_id" ON "relationships" ("follower_id")[0m
  [1m[35m (0.1ms)[0m              SELECT sql
            FROM sqlite_master
            WHERE name='index_relationships_on_follower_id' AND type='index'
            UNION ALL
            SELECT sql
            FROM sqlite_temp_master
            WHERE name='index_relationships_on_follower_id' AND type='index'

  [1m[36m (0.1ms)[0m  [1mCREATE  INDEX "index_relationships_on_followed_id" ON "relationships" ("followed_id")[0m
  [1m[35m (0.0ms)[0m              SELECT sql
            FROM sqlite_master
            WHERE name='index_relationships_on_followed_id' AND type='index'
            UNION ALL
            SELECT sql
            FROM sqlite_temp_master
            WHERE name='index_relationships_on_followed_id' AND type='index'

  [1m[36m (0.0ms)[0m  [1m            SELECT sql
            FROM sqlite_master
            WHERE name='index_relationships_on_follower_id' AND type='index'
            UNION ALL
            SELECT sql
            FROM sqlite_temp_master
            WHERE name='index_relationships_on_follower_id' AND type='index'
[0m
  [1m[35m (0.4ms)[0m  CREATE UNIQUE INDEX "index_relationships_on_follower_id_and_followed_id" ON "relationships" ("follower_id", "followed_id")
  [1m[36mSQL (0.1ms)[0m  [1mINSERT INTO "schema_migrations" ("version") VALUES (?)[0m  [["version", "20141111214811"]]
  [1m[35m (0.6ms)[0m  commit transaction
  [1m[36mActiveRecord::SchemaMigration Load (0.1ms)[0m  [1mSELECT "schema_migrations".* FROM "schema_migrations"[0m
  [1m[35m (0.1ms)[0m              SELECT sql
            FROM sqlite_master
            WHERE name='index_microposts_on_user_id_and_created_at' AND type='index'
            UNION ALL
            SELECT sql
            FROM sqlite_temp_master
            WHERE name='index_microposts_on_user_id_and_created_at' AND type='index'

  [1m[36m (0.1ms)[0m  [1m            SELECT sql
            FROM sqlite_master
            WHERE name='index_microposts_on_user_id' AND type='index'
            UNION ALL
            SELECT sql
            FROM sqlite_temp_master
            WHERE name='index_microposts_on_user_id' AND type='index'
[0m
  [1m[35m (0.1ms)[0m              SELECT sql
            FROM sqlite_master
            WHERE name='index_relationships_on_follower_id_and_followed_id' AND type='index'
            UNION ALL
            SELECT sql
            FROM sqlite_temp_master
            WHERE name='index_relationships_on_follower_id_and_followed_id' AND type='index'

  [1m[36m (0.1ms)[0m  [1m            SELECT sql
            FROM sqlite_master
            WHERE name='index_relationships_on_followed_id' AND type='index'
            UNION ALL
            SELECT sql
            FROM sqlite_temp_master
            WHERE name='index_relationships_on_followed_id' AND type='index'
[0m
  [1m[35m (0.1ms)[0m              SELECT sql
            FROM sqlite_master
            WHERE name='index_relationships_on_follower_id' AND type='index'
            UNION ALL
            SELECT sql
            FROM sqlite_temp_master
            WHERE name='index_relationships_on_follower_id' AND type='index'

  [1m[36m (0.1ms)[0m  [1m            SELECT sql
            FROM sqlite_master
            WHERE name='index_users_on_email' AND type='index'
            UNION ALL
            SELECT sql
            FROM sqlite_temp_master
            WHERE name='index_users_on_email' AND type='index'
[0m


Started GET "/" for ::1 at 2016-08-15 12:59:35 -0700
  [1m[36mActiveRecord::SchemaMigration Load (0.1ms)[0m  [1mSELECT "schema_migrations".* FROM "schema_migrations"[0m
Processing by StaticPagesController#home as HTML
  Rendered static_pages/home.html.erb within layouts/application (134.2ms)
  Rendered layouts/_shim.html.erb (0.4ms)
  Rendered layouts/_header.html.erb (0.8ms)
  Rendered layouts/_footer.html.erb (0.4ms)
Completed 200 OK in 3518ms (Views: 3515.4ms | ActiveRecord: 0.0ms)


Started GET "/assets/account_activations.self-e3b0c44298fc1c149afbf4c8996fb92427ae41e4649b934ca495991b7852b855.css?body=1" for ::1 at 2016-08-15 12:59:39 -0700


Started GET "/assets/microposts.self-e3b0c44298fc1c149afbf4c8996fb92427ae41e4649b934ca495991b7852b855.css?body=1" for ::1 at 2016-08-15 12:59:39 -0700


Started GET "/assets/relationships.self-e3b0c44298fc1c149afbf4c8996fb92427ae41e4649b934ca495991b7852b855.css?body=1" for ::1 at 2016-08-15 12:59:39 -0700


Started GET "/assets/custom.self-976a7cf91c16e51b9975e10ed5caa02acce329ba0f4347de6cf3a6210340dc8f.css?body=1" for ::1 at 2016-08-15 12:59:39 -0700


Started GET "/assets/static_pages.self-e3b0c44298fc1c149afbf4c8996fb92427ae41e4649b934ca495991b7852b855.css?body=1" for ::1 at 2016-08-15 12:59:39 -0700


Started GET "/assets/users.self-e3b0c44298fc1c149afbf4c8996fb92427ae41e4649b934ca495991b7852b855.css?body=1" for ::1 at 2016-08-15 12:59:39 -0700
  [1m[36mActiveRecord::SchemaMigration Load (0.1ms)[0m  [1mSELECT "schema_migrations".* FROM "schema_migrations"[0m


Started GET "/assets/application.self-565a90fd247bd9ef75cf5f71be1e11e37c3ad80695d8bdfb331fe844afbe0a9e.css?body=1" for ::1 at 2016-08-15 12:59:39 -0700


Started GET "/assets/jquery.self-d03a5518f45df77341bdbe6201ba3bfa547ebba8ed64f0ea56bfa5f96ea7c074.js?body=1" for ::1 at 2016-08-15 12:59:39 -0700


Started GET "/assets/jquery_ujs.self-8e98a7a072a6cee1372d19fff9ff3e6aa1e39a37d89d6f06861637d061113ee7.js?body=1" for ::1 at 2016-08-15 12:59:39 -0700


Started GET "/assets/turbolinks.self-c846e670826600e8c91b1a5ada3e6547110d996cd6ff24cde55024f7a135a1b4.js?body=1" for ::1 at 2016-08-15 12:59:39 -0700


Started GET "/assets/account_activations.self-877aef30ae1b040ab8a3aba4e3e309a11d7f2612f44dde450b5c157aa5f95c05.js?body=1" for ::1 at 2016-08-15 12:59:39 -0700


Started GET "/assets/microposts.self-877aef30ae1b040ab8a3aba4e3e309a11d7f2612f44dde450b5c157aa5f95c05.js?body=1" for ::1 at 2016-08-15 12:59:39 -0700


Started GET "/assets/bootstrap.self-cdea7efeac1597b89ddd6fd86b0e8e0bec5d5fb1fac9c6e8a045f2c59eef2d13.js?body=1" for ::1 at 2016-08-15 12:59:39 -0700


Started GET "/assets/password_resets.self-877aef30ae1b040ab8a3aba4e3e309a11d7f2612f44dde450b5c157aa5f95c05.js?body=1" for ::1 at 2016-08-15 12:59:39 -0700


Started GET "/assets/relationships.self-877aef30ae1b040ab8a3aba4e3e309a11d7f2612f44dde450b5c157aa5f95c05.js?body=1" for ::1 at 2016-08-15 12:59:39 -0700


Started GET "/assets/sessions.self-877aef30ae1b040ab8a3aba4e3e309a11d7f2612f44dde450b5c157aa5f95c05.js?body=1" for ::1 at 2016-08-15 12:59:39 -0700


Started GET "/assets/static_pages.self-877aef30ae1b040ab8a3aba4e3e309a11d7f2612f44dde450b5c157aa5f95c05.js?body=1" for ::1 at 2016-08-15 12:59:39 -0700


Started GET "/assets/users.self-877aef30ae1b040ab8a3aba4e3e309a11d7f2612f44dde450b5c157aa5f95c05.js?body=1" for ::1 at 2016-08-15 12:59:39 -0700


Started GET "/assets/application.self-120f3cf1cb67bea53c4a2a57336b34ca04b04b55a55c38cf76ce20a147e5eff9.js?body=1" for ::1 at 2016-08-15 12:59:39 -0700


Started GET "/assets/sessions.self-e3b0c44298fc1c149afbf4c8996fb92427ae41e4649b934ca495991b7852b855.css?body=1" for ::1 at 2016-08-15 12:59:39 -0700


Started GET "/assets/password_resets.self-e3b0c44298fc1c149afbf4c8996fb92427ae41e4649b934ca495991b7852b855.css?body=1" for ::1 at 2016-08-15 12:59:39 -0700


Started GET "/" for ::1 at 2016-08-15 12:59:39 -0700
Processing by StaticPagesController#home as HTML
  Rendered static_pages/home.html.erb within layouts/application (4.4ms)
  Rendered layouts/_shim.html.erb (0.4ms)
  Rendered layouts/_header.html.erb (0.7ms)
  Rendered layouts/_footer.html.erb (0.4ms)
Completed 200 OK in 174ms (Views: 161.5ms | ActiveRecord: 0.0ms)


Started GET "/assets/rails-c094bc3a4bf50e5bb477109e5cb0d213af27ad75b481c4df249f50974dbeefe6.png" for ::1 at 2016-08-15 12:59:39 -0700


Started GET "/assets/rails-c094bc3a4bf50e5bb477109e5cb0d213af27ad75b481c4df249f50974dbeefe6.png" for ::1 at 2016-08-15 12:59:39 -0700


Started GET "/" for ::1 at 2016-08-15 15:26:55 -0700
  [1m[36mActiveRecord::SchemaMigration Load (0.1ms)[0m  [1mSELECT "schema_migrations".* FROM "schema_migrations"[0m
Processing by StaticPagesController#home as HTML
  Rendered static_pages/home.html.erb within layouts/application (124.0ms)
  Rendered layouts/_shim.html.erb (0.2ms)
  Rendered layouts/_header.html.erb (2.5ms)
  Rendered layouts/_footer.html.erb (0.4ms)
Completed 200 OK in 398ms (Views: 386.7ms | ActiveRecord: 0.0ms)


Started GET "/" for ::1 at 2016-08-15 15:26:56 -0700
  [1m[36mActiveRecord::SchemaMigration Load (0.1ms)[0m  [1mSELECT "schema_migrations".* FROM "schema_migrations"[0m
Processing by StaticPagesController#home as HTML
  Rendered static_pages/home.html.erb within layouts/application (129.3ms)
  Rendered layouts/_shim.html.erb (0.2ms)
  Rendered layouts/_header.html.erb (1.0ms)
  Rendered layouts/_footer.html.erb (0.4ms)
Completed 200 OK in 349ms (Views: 338.8ms | ActiveRecord: 0.0ms)


Started GET "/" for ::1 at 2016-08-15 15:29:29 -0700
  [1m[36mActiveRecord::SchemaMigration Load (0.1ms)[0m  [1mSELECT "schema_migrations".* FROM "schema_migrations"[0m
Processing by StaticPagesController#home as HTML
  Rendered static_pages/home.html.erb within layouts/application (138.3ms)
  Rendered layouts/_shim.html.erb (0.2ms)
  Rendered layouts/_header.html.erb (0.9ms)
  Rendered layouts/_footer.html.erb (0.4ms)
Completed 200 OK in 361ms (Views: 348.8ms | ActiveRecord: 0.0ms)


Started GET "/" for ::1 at 2016-08-15 15:29:31 -0700
Processing by StaticPagesController#home as HTML
  Rendered static_pages/home.html.erb within layouts/application (2.7ms)
  Rendered layouts/_shim.html.erb (0.3ms)
  Rendered layouts/_header.html.erb (0.7ms)
  Rendered layouts/_footer.html.erb (0.4ms)
Completed 200 OK in 176ms (Views: 176.2ms | ActiveRecord: 0.0ms)


Started GET "/help" for ::1 at 2016-08-15 15:29:32 -0700
Processing by StaticPagesController#help as HTML
  Rendered static_pages/help.html.erb within layouts/application (0.4ms)
  Rendered layouts/_shim.html.erb (0.0ms)
  Rendered layouts/_header.html.erb (0.4ms)
  Rendered layouts/_footer.html.erb (0.1ms)
Completed 200 OK in 114ms (Views: 114.4ms | ActiveRecord: 0.0ms)


Started GET "/login" for ::1 at 2016-08-15 15:29:33 -0700
Processing by SessionsController#new as HTML
  Rendered sessions/new.html.erb within layouts/application (211.5ms)
  Rendered layouts/_shim.html.erb (0.0ms)
  Rendered layouts/_header.html.erb (0.2ms)
  Rendered layouts/_footer.html.erb (0.2ms)
Completed 200 OK in 313ms (Views: 313.7ms | ActiveRecord: 0.0ms)


Started GET "/" for ::1 at 2016-08-15 15:29:39 -0700
Processing by StaticPagesController#home as HTML
  Rendered static_pages/home.html.erb within layouts/application (1.4ms)
  Rendered layouts/_shim.html.erb (0.0ms)
  Rendered layouts/_header.html.erb (0.2ms)
  Rendered layouts/_footer.html.erb (0.1ms)
Completed 200 OK in 105ms (Views: 105.3ms | ActiveRecord: 0.0ms)


Started GET "/signup" for ::1 at 2016-08-15 15:29:40 -0700
Processing by UsersController#new as HTML
  Rendered shared/_error_messages.html.erb (2.4ms)
  Rendered users/new.html.erb within layouts/application (8.1ms)
  Rendered layouts/_shim.html.erb (0.0ms)
  Rendered layouts/_header.html.erb (0.2ms)
  Rendered layouts/_footer.html.erb (0.1ms)
Completed 200 OK in 152ms (Views: 137.7ms | ActiveRecord: 0.3ms)


Started POST "/users" for ::1 at 2016-08-15 15:29:43 -0700
Processing by UsersController#create as HTML
  Parameters: {"utf8"=>"✓", "authenticity_token"=>"a8SxId9z2heA7tIdHJhyTEmfOMHA2Zj7DNQMSC5HEsgNS0/w0RruMxbchNt1zDIJDfFsCI+kgO1wPregsxbQOA==", "user"=>{"name"=>"", "email"=>"", "password"=>"[FILTERED]", "password_confirmation"=>"[FILTERED]"}, "commit"=>"Create my account"}
  [1m[35m (0.1ms)[0m  begin transaction
  [1m[36mUser Exists (0.2ms)[0m  [1mSELECT  1 AS one FROM "users" WHERE LOWER("users"."email") = LOWER('') LIMIT 1[0m
  [1m[35m (0.1ms)[0m  rollback transaction
  Rendered shared/_error_messages.html.erb (2.4ms)
  Rendered users/new.html.erb within layouts/application (7.5ms)
  Rendered layouts/_shim.html.erb (0.0ms)
  Rendered layouts/_header.html.erb (0.4ms)
  Rendered layouts/_footer.html.erb (0.1ms)
Completed 200 OK in 149ms (Views: 130.9ms | ActiveRecord: 0.3ms)


Started GET "/" for ::1 at 2016-08-15 15:30:44 -0700
  [1m[36mActiveRecord::SchemaMigration Load (0.1ms)[0m  [1mSELECT "schema_migrations".* FROM "schema_migrations"[0m
Processing by StaticPagesController#home as HTML
  Rendered static_pages/home.html.erb within layouts/application (131.5ms)
  Rendered layouts/_shim.html.erb (0.2ms)
  Rendered layouts/_header.html.erb (0.7ms)
  Rendered layouts/_footer.html.erb (0.3ms)
Completed 200 OK in 360ms (Views: 348.3ms | ActiveRecord: 0.0ms)
